[14:52:23] [ServerMain/INFO]: Building unoptimized datafixer
[14:52:28] [ServerMain/INFO]: Environment: authHost='https://authserver.mojang.com', accountsHost='https://api.mojang.com', sessionHost='https://sessionserver.mojang.com', servicesHost='https://api.minecraftservices.com', name='PROD'
[14:52:28] [ServerMain/INFO]: Found new data pack file/bukkit, loading it automatically
[14:52:35] [ServerMain/INFO]: Loaded 7 recipes
[14:52:40] [Server thread/INFO]: Starting minecraft server version 1.19
[14:52:41] [Server thread/INFO]: Loading properties
[14:52:41] [Server thread/INFO]: This server is running Paper version git-Paper-81 (MC: 1.19) (Implementing API version 1.19-R0.1-SNAPSHOT) (Git: 86f87ba)
[14:52:41] [Server thread/INFO]: Using 4 threads for Netty based IO
[14:52:41] [Server thread/INFO]: Server Ping Player Sample Count: 12
[14:52:42] [Server thread/INFO]: Default game type: SURVIVAL
[14:52:42] [Server thread/INFO]: Generating keypair
[14:52:42] [Server thread/INFO]: Starting Minecraft server on *:25565
[14:52:42] [Server thread/INFO]: Using default channel type
[14:52:42] [Server thread/INFO]: Paper: Using Java 11 compression from Velocity.
[14:52:42] [Server thread/INFO]: Paper: Using Java cipher from Velocity.
[14:52:43] [Server thread/INFO]: Preparing level "world"
[14:53:36] [Server thread/INFO]: Preparing start region for dimension minecraft:overworld
[14:53:37] [Server thread/INFO]: Time elapsed: 1216 ms
[14:53:37] [Server thread/INFO]: Preparing start region for dimension minecraft:the_nether
[14:53:38] [Server thread/INFO]: Time elapsed: 1203 ms
[14:53:38] [Server thread/INFO]: Preparing start region for dimension minecraft:the_end
[14:53:39] [Server thread/INFO]: Time elapsed: 673 ms
[14:53:39] [Server thread/INFO]: Running delayed init tasks
[14:53:39] [Server thread/INFO]: Done (58.827s)! For help, type "help"
[14:53:39] [Server thread/INFO]: Timings Reset
[14:53:39] [Server thread/INFO]: Unknown command. Type "/help" for help.
[14:53:39] [Server thread/INFO]: Unknown command. Type "/help" for help.
[14:53:39] [Server thread/INFO]: Unknown command. Type "/help" for help.
[14:53:39] [Server thread/INFO]: Unknown command. Type "/help" for help.
[14:53:40] [Server thread/INFO]: Stopping the server
[14:53:40] [Server thread/INFO]: Stopping server
[14:53:40] [Server thread/INFO]: Saving players
[14:53:41] [Server thread/INFO]: Saving worlds
